<?xml version="1.0" encoding="UTF-8"?>
<testsuite name="cs271.lab.list.DefaultIntPairTest" tests="3" skipped="0" failures="0" errors="0" timestamp="2015-10-15T22:43:05" hostname="Spoonlicker" time="0.01">
  <properties/>
  <testcase name="TestReverse" classname="cs271.lab.list.DefaultIntPairTest" time="0.001"/>
  <testcase name="TestEquals" classname="cs271.lab.list.DefaultIntPairTest" time="0.0"/>
  <testcase name="TestString" classname="cs271.lab.list.DefaultIntPairTest" time="0.0"/>
  <system-out><![CDATA[]]></system-out>
  <system-err><![CDATA[]]></system-err>
</testsuite>
